<?xml version="1.0" encoding="UTF-8"?>
<!-- Generated by org.testng.reporters.JUnitReportReporter -->
<testsuite hostname="AlertFire" failures="0" tests="1" name="demo.kc.selenium_demo_sauce.LoginPage" time="2.741" errors="0" timestamp="2025-07-04T18:58:09 IST" skipped="0">
  <testcase classname="demo.kc.selenium_demo_sauce.LoginPage" name="OpenUrl" time="2.741"/>
</testsuite> <!-- demo.kc.selenium_demo_sauce.LoginPage -->
