<?xml version="1.0" encoding="UTF-8"?>
<!-- Generated by org.testng.reporters.JUnitReportReporter -->
<testsuite hostname="AlertFire" failures="0" tests="1" name="demo.kc.selenium_demo_sauce.Checkout" time="3.895" errors="0" timestamp="2025-07-09T18:23:49 IST" skipped="0">
  <testcase classname="demo.kc.selenium_demo_sauce.Checkout" name="checkout" time="3.895"/>
</testsuite> <!-- demo.kc.selenium_demo_sauce.Checkout -->
