<?xml version="1.0" encoding="UTF-8"?>
<!-- Generated by org.testng.reporters.JUnitReportReporter -->
<testsuite hostname="AlertFire" failures="0" tests="3" name="demo.kc.selenium_demo_sauce.LoginFunctionality" time="7.156" errors="0" timestamp="2025-07-09T17:19:46 IST" skipped="0">
  <testcase classname="demo.kc.selenium_demo_sauce.LoginFunctionality" name="LogOut" time="1.852"/>
  <testcase classname="demo.kc.selenium_demo_sauce.LoginFunctionality" name="ValidLogin" time="2.660"/>
  <testcase classname="demo.kc.selenium_demo_sauce.LoginFunctionality" name="InvalidLogin" time="2.644"/>
</testsuite> <!-- demo.kc.selenium_demo_sauce.LoginFunctionality -->
