<?xml version="1.0" encoding="UTF-8"?>
<!-- Generated by org.testng.reporters.JUnitReportReporter -->
<testsuite hostname="AlertFire" failures="0" tests="1" name="demo.kc.selenium_demo_sauce.LoginFunctionality" time="3.218" errors="0" timestamp="2025-07-15T17:42:13 IST" skipped="0">
  <testcase classname="demo.kc.selenium_demo_sauce.LoginFunctionality" name="ValidLogin" time="3.218"/>
</testsuite> <!-- demo.kc.selenium_demo_sauce.LoginFunctionality -->
