<?xml version="1.0" encoding="UTF-8"?>
<!-- Generated by org.testng.reporters.JUnitReportReporter -->
<testsuite hostname="AlertFire" failures="0" tests="2" name="demo.kc.selenium_demo_sauce.CartFunctionality" time="5.211" errors="0" timestamp="2025-07-09T17:19:46 IST" skipped="0">
  <testcase classname="demo.kc.selenium_demo_sauce.CartFunctionality" name="RemovePdt" time="2.586"/>
  <testcase classname="demo.kc.selenium_demo_sauce.CartFunctionality" name="AddAllProducts" time="2.625"/>
</testsuite> <!-- demo.kc.selenium_demo_sauce.CartFunctionality -->
