<?xml version="1.0" encoding="UTF-8"?>
<!-- Generated by org.testng.reporters.JUnitReportReporter -->
<testsuite hostname="AlertFire" failures="0" tests="1" name="orangeHRM.LoginPage" time="7.985" errors="0" timestamp="2025-07-04T17:30:47 IST" skipped="0">
  <testcase classname="orangeHRM.LoginPage" name="Login" time="7.985"/>
</testsuite> <!-- orangeHRM.LoginPage -->
